<?xml version="1.0" encoding="UTF-8"?>
<testng-results ignored="0" total="10" passed="8" failed="2" skipped="0">
  <reporter-output>
  </reporter-output>
  <suite started-at="2024-12-08T23:08:59 IST" name="Suite" finished-at="2024-12-08T23:10:09 IST" duration-ms="70227">
    <groups>
      <group name="regression">
        <method signature="LoginTest.verifyUserLoginwithInvalidUsernameAndInValidPassword(java.lang.String,java.lang.String)[pri:0, instance:testscripts.LoginTest@5852c06f]" name="verifyUserLoginwithInvalidUsernameAndInValidPassword" class="testscripts.LoginTest"/>
        <method signature="LoginTest.verifyUserLoginwithInvalidUsernameAndValidPassword()[pri:0, instance:testscripts.LoginTest@5852c06f]" name="verifyUserLoginwithInvalidUsernameAndValidPassword" class="testscripts.LoginTest"/>
        <method signature="ManageCategoryTest.verifyThatUserIsAbletoSearchACategory()[pri:0, instance:testscripts.ManageCategoryTest@13d9cbf5]" name="verifyThatUserIsAbletoSearchACategory" class="testscripts.ManageCategoryTest"/>
        <method signature="ManageNewsTest.verifythatUserIsAbletoAddNews()[pri:0, instance:testscripts.ManageNewsTest@c667f46]" name="verifythatUserIsAbletoAddNews" class="testscripts.ManageNewsTest"/>
        <method signature="SubCategoryTest.verifyUserAbletoCreateSubCategory()[pri:0, instance:testscripts.SubCategoryTest@389b0789]" name="verifyUserAbletoCreateSubCategory" class="testscripts.SubCategoryTest"/>
        <method signature="LoginTest.verifyUserLoginWithCorrectUsernameAndPassword()[pri:1, instance:testscripts.LoginTest@5852c06f]" name="verifyUserLoginWithCorrectUsernameAndPassword" class="testscripts.LoginTest"/>
      </group> <!-- regression -->
      <group name="smoke">
        <method signature="AdminUsersTest.verifyUserIsAbletoCreateanAdminUser()[pri:0, instance:testscripts.AdminUsersTest@478db956]" name="verifyUserIsAbletoCreateanAdminUser" class="testscripts.AdminUsersTest"/>
        <method signature="ManageContactTest.VerifythatUserisAbletoUpdatetheContact()[pri:0, instance:testscripts.ManageContactTest@6ca18a14]" name="VerifythatUserisAbletoUpdatetheContact" class="testscripts.ManageContactTest"/>
        <method signature="LoginTest.verifyUserLoginWithCorrectUsernameAndPassword()[pri:1, instance:testscripts.LoginTest@5852c06f]" name="verifyUserLoginWithCorrectUsernameAndPassword" class="testscripts.LoginTest"/>
        <method signature="LoginTest.verifyUserLoginwithvalidUsernameAndInValidPassword()[pri:2, instance:testscripts.LoginTest@5852c06f]" name="verifyUserLoginwithvalidUsernameAndInValidPassword" class="testscripts.LoginTest"/>
      </group> <!-- smoke -->
    </groups>
    <test started-at="2024-12-08T23:08:59 IST" name="Test" finished-at="2024-12-08T23:10:09 IST" duration-ms="70227">
      <class name="testscripts.ManageCategoryTest">
        <test-method is-config="true" signature="initialiseBrowser(java.lang.String)[pri:0, instance:testscripts.ManageCategoryTest@13d9cbf5]" started-at="2024-12-08T23:09:29 IST" name="initialiseBrowser" finished-at="2024-12-08T23:09:32 IST" duration-ms="3067" status="PASS">
          <params>
            <param index="0">
              <value>
                <![CDATA[Chrome]]>
              </value>
            </param>
          </params>
          <reporter-output>
          </reporter-output>
        </test-method> <!-- initialiseBrowser -->
        <test-method signature="verifyThatUserIsAbletoSearchACategory()[pri:0, instance:testscripts.ManageCategoryTest@13d9cbf5]" started-at="2024-12-08T23:09:32 IST" name="verifyThatUserIsAbletoSearchACategory" description="this is for searching a category" finished-at="2024-12-08T23:09:34 IST" duration-ms="2213" status="PASS">
          <reporter-output>
          </reporter-output>
        </test-method> <!-- verifyThatUserIsAbletoSearchACategory -->
        <test-method is-config="true" signature="driverQuit(org.testng.ITestResult)[pri:0, instance:testscripts.ManageCategoryTest@13d9cbf5]" started-at="2024-12-08T23:09:34 IST" name="driverQuit" finished-at="2024-12-08T23:09:34 IST" duration-ms="280" status="PASS">
          <params>
            <param index="0">
              <value>
                <![CDATA[[TestResult name=verifyThatUserIsAbletoSearchACategory status=SUCCESS method=ManageCategoryTest.verifyThatUserIsAbletoSearchACategory()[pri:0, instance:testscripts.ManageCategoryTest@13d9cbf5] output={null}]]]>
              </value>
            </param>
          </params>
          <reporter-output>
          </reporter-output>
        </test-method> <!-- driverQuit -->
      </class> <!-- testscripts.ManageCategoryTest -->
      <class name="testscripts.ManageNewsTest">
        <test-method is-config="true" signature="initialiseBrowser(java.lang.String)[pri:0, instance:testscripts.ManageNewsTest@c667f46]" started-at="2024-12-08T23:10:04 IST" name="initialiseBrowser" finished-at="2024-12-08T23:10:06 IST" duration-ms="2500" status="PASS">
          <params>
            <param index="0">
              <value>
                <![CDATA[Chrome]]>
              </value>
            </param>
          </params>
          <reporter-output>
          </reporter-output>
        </test-method> <!-- initialiseBrowser -->
        <test-method signature="verifythatUserIsAbletoAddNews()[pri:0, instance:testscripts.ManageNewsTest@c667f46]" started-at="2024-12-08T23:10:06 IST" name="verifythatUserIsAbletoAddNews" description="this is for adding news" finished-at="2024-12-08T23:10:09 IST" duration-ms="2520" status="PASS">
          <reporter-output>
          </reporter-output>
        </test-method> <!-- verifythatUserIsAbletoAddNews -->
        <test-method is-config="true" signature="driverQuit(org.testng.ITestResult)[pri:0, instance:testscripts.ManageNewsTest@c667f46]" started-at="2024-12-08T23:10:09 IST" name="driverQuit" finished-at="2024-12-08T23:10:09 IST" duration-ms="312" status="PASS">
          <params>
            <param index="0">
              <value>
                <![CDATA[[TestResult name=verifythatUserIsAbletoAddNews status=SUCCESS method=ManageNewsTest.verifythatUserIsAbletoAddNews()[pri:0, instance:testscripts.ManageNewsTest@c667f46] output={null}]]]>
              </value>
            </param>
          </params>
          <reporter-output>
          </reporter-output>
        </test-method> <!-- driverQuit -->
      </class> <!-- testscripts.ManageNewsTest -->
      <class name="testscripts.ManageContactTest">
        <test-method is-config="true" signature="initialiseBrowser(java.lang.String)[pri:0, instance:testscripts.ManageContactTest@6ca18a14]" started-at="2024-12-08T23:09:48 IST" name="initialiseBrowser" finished-at="2024-12-08T23:09:51 IST" duration-ms="2696" status="PASS">
          <params>
            <param index="0">
              <value>
                <![CDATA[Chrome]]>
              </value>
            </param>
          </params>
          <reporter-output>
          </reporter-output>
        </test-method> <!-- initialiseBrowser -->
        <test-method signature="VerifythatUserisAbletoUpdatetheContact()[pri:0, instance:testscripts.ManageContactTest@6ca18a14]" started-at="2024-12-08T23:09:51 IST" name="VerifythatUserisAbletoUpdatetheContact" description="this is for editing  address of a contact" finished-at="2024-12-08T23:10:03 IST" duration-ms="12176" status="FAIL">
          <exception class="org.openqa.selenium.ElementNotInteractableException">
            <message>
              <![CDATA[element not interactable
  (Session info: chrome=131.0.6778.109)
Build info: version: '4.26.0', revision: '8ccf0219d7'
System info: os.name: 'Windows 11', os.arch: 'amd64', os.version: '10.0', java.version: '23.0.1'
Driver info: org.openqa.selenium.chrome.ChromeDriver
Command: [a46049000a7daf81a8fd78e2e6b3af4e, clearElement {id=f.1C4EDDBCA32438BC42CEB14B3214F714.d.A7D346EEAE51CF96F17543F8F6D7A9EE.e.83}]
Capabilities {acceptInsecureCerts: false, browserName: chrome, browserVersion: 131.0.6778.109, chrome: {chromedriverVersion: 131.0.6778.87 (ce31cae94873..., userDataDir: C:\Users\Admin\AppData\Loca...}, fedcm:accounts: true, goog:chromeOptions: {debuggerAddress: localhost:65440}, networkConnectionEnabled: false, pageLoadStrategy: normal, platformName: windows, proxy: Proxy(), se:cdp: ws://localhost:65440/devtoo..., se:cdpVersion: 131.0.6778.109, setWindowRect: true, strictFileInteractability: false, timeouts: {implicit: 0, pageLoad: 300000, script: 30000}, unhandledPromptBehavior: dismiss and notify, webauthn:extension:credBlob: true, webauthn:extension:largeBlob: true, webauthn:extension:minPinLength: true, webauthn:extension:prf: true, webauthn:virtualAuthenticators: true}
Element: [[ChromeDriver: chrome on windows (a46049000a7daf81a8fd78e2e6b3af4e)] -> xpath: //textarea[@name="address"]]
Session ID: a46049000a7daf81a8fd78e2e6b3af4e]]>
            </message>
            <full-stacktrace>
              <![CDATA[org.openqa.selenium.ElementNotInteractableException: element not interactable
  (Session info: chrome=131.0.6778.109)
Build info: version: '4.26.0', revision: '8ccf0219d7'
System info: os.name: 'Windows 11', os.arch: 'amd64', os.version: '10.0', java.version: '23.0.1'
Driver info: org.openqa.selenium.chrome.ChromeDriver
Command: [a46049000a7daf81a8fd78e2e6b3af4e, clearElement {id=f.1C4EDDBCA32438BC42CEB14B3214F714.d.A7D346EEAE51CF96F17543F8F6D7A9EE.e.83}]
Capabilities {acceptInsecureCerts: false, browserName: chrome, browserVersion: 131.0.6778.109, chrome: {chromedriverVersion: 131.0.6778.87 (ce31cae94873..., userDataDir: C:\Users\Admin\AppData\Loca...}, fedcm:accounts: true, goog:chromeOptions: {debuggerAddress: localhost:65440}, networkConnectionEnabled: false, pageLoadStrategy: normal, platformName: windows, proxy: Proxy(), se:cdp: ws://localhost:65440/devtoo..., se:cdpVersion: 131.0.6778.109, setWindowRect: true, strictFileInteractability: false, timeouts: {implicit: 0, pageLoad: 300000, script: 30000}, unhandledPromptBehavior: dismiss and notify, webauthn:extension:credBlob: true, webauthn:extension:largeBlob: true, webauthn:extension:minPinLength: true, webauthn:extension:prf: true, webauthn:virtualAuthenticators: true}
Element: [[ChromeDriver: chrome on windows (a46049000a7daf81a8fd78e2e6b3af4e)] -> xpath: //textarea[@name="address"]]
Session ID: a46049000a7daf81a8fd78e2e6b3af4e
at java.base/jdk.internal.reflect.DirectConstructorHandleAccessor.newInstance(DirectConstructorHandleAccessor.java:62)
at java.base/java.lang.reflect.Constructor.newInstanceWithCaller(Constructor.java:501)
at java.base/java.lang.reflect.Constructor.newInstance(Constructor.java:485)
at org.openqa.selenium.remote.ErrorCodec.decode(ErrorCodec.java:167)
at org.openqa.selenium.remote.codec.w3c.W3CHttpResponseCodec.decode(W3CHttpResponseCodec.java:138)
at org.openqa.selenium.remote.codec.w3c.W3CHttpResponseCodec.decode(W3CHttpResponseCodec.java:50)
at org.openqa.selenium.remote.HttpCommandExecutor.execute(HttpCommandExecutor.java:190)
at org.openqa.selenium.remote.service.DriverCommandExecutor.invokeExecute(DriverCommandExecutor.java:216)
at org.openqa.selenium.remote.service.DriverCommandExecutor.execute(DriverCommandExecutor.java:174)
at org.openqa.selenium.remote.RemoteWebDriver.execute(RemoteWebDriver.java:545)
at org.openqa.selenium.remote.RemoteWebElement.execute(RemoteWebElement.java:223)
at org.openqa.selenium.remote.RemoteWebElement.clear(RemoteWebElement.java:129)
at java.base/jdk.internal.reflect.DirectMethodHandleAccessor.invoke(DirectMethodHandleAccessor.java:103)
at java.base/java.lang.reflect.Method.invoke(Method.java:580)
at org.openqa.selenium.support.pagefactory.internal.LocatingElementHandler.invoke(LocatingElementHandler.java:51)
at jdk.proxy2/jdk.proxy2.$Proxy16.clear(Unknown Source)
at pages.ManageContactPage.enterAddress(ManageContactPage.java:43)
at testscripts.ManageContactTest.VerifythatUserisAbletoUpdatetheContact(ManageContactTest.java:24)
at java.base/jdk.internal.reflect.DirectMethodHandleAccessor.invoke(DirectMethodHandleAccessor.java:103)
at java.base/java.lang.reflect.Method.invoke(Method.java:580)
at org.testng.internal.invokers.MethodInvocationHelper.invokeMethod(MethodInvocationHelper.java:139)
at org.testng.internal.invokers.TestInvoker.invokeMethod(TestInvoker.java:664)
at org.testng.internal.invokers.TestInvoker.invokeTestMethod(TestInvoker.java:228)
at org.testng.internal.invokers.MethodRunner.runInSequence(MethodRunner.java:63)
at org.testng.internal.invokers.TestInvoker$MethodInvocationAgent.invoke(TestInvoker.java:961)
at org.testng.internal.invokers.TestInvoker.invokeTestMethods(TestInvoker.java:201)
at org.testng.internal.invokers.TestMethodWorker.invokeTestMethods(TestMethodWorker.java:148)
at org.testng.internal.invokers.TestMethodWorker.run(TestMethodWorker.java:128)
at java.base/java.util.ArrayList.forEach(ArrayList.java:1597)
at org.testng.TestRunner.privateRun(TestRunner.java:819)
at org.testng.TestRunner.run(TestRunner.java:619)
at org.testng.SuiteRunner.runTest(SuiteRunner.java:443)
at org.testng.SuiteRunner.runSequentially(SuiteRunner.java:437)
at org.testng.SuiteRunner.privateRun(SuiteRunner.java:397)
at org.testng.SuiteRunner.run(SuiteRunner.java:336)
at org.testng.SuiteRunnerWorker.runSuite(SuiteRunnerWorker.java:52)
at org.testng.SuiteRunnerWorker.run(SuiteRunnerWorker.java:95)
at org.testng.TestNG.runSuitesSequentially(TestNG.java:1301)
at org.testng.TestNG.runSuitesLocally(TestNG.java:1228)
at org.testng.TestNG.runSuites(TestNG.java:1134)
at org.testng.TestNG.run(TestNG.java:1101)
at org.testng.remote.AbstractRemoteTestNG.run(AbstractRemoteTestNG.java:115)
at org.testng.remote.RemoteTestNG.initAndRun(RemoteTestNG.java:293)
at org.testng.remote.RemoteTestNG.main(RemoteTestNG.java:91)
]]>
            </full-stacktrace>
          </exception> <!-- org.openqa.selenium.ElementNotInteractableException -->
          <reporter-output>
          </reporter-output>
        </test-method> <!-- VerifythatUserisAbletoUpdatetheContact -->
        <test-method is-config="true" signature="driverQuit(org.testng.ITestResult)[pri:0, instance:testscripts.ManageContactTest@6ca18a14]" started-at="2024-12-08T23:10:03 IST" name="driverQuit" finished-at="2024-12-08T23:10:04 IST" duration-ms="538" status="PASS">
          <params>
            <param index="0">
              <value>
                <![CDATA[[TestResult name=VerifythatUserisAbletoUpdatetheContact status=FAILURE method=ManageContactTest.VerifythatUserisAbletoUpdatetheContact()[pri:0, instance:testscripts.ManageContactTest@6ca18a14] output={null}]]]>
              </value>
            </param>
          </params>
          <reporter-output>
          </reporter-output>
        </test-method> <!-- driverQuit -->
      </class> <!-- testscripts.ManageContactTest -->
      <class name="testscripts.LoginTest">
        <test-method is-config="true" signature="initialiseBrowser(java.lang.String)[pri:0, instance:testscripts.LoginTest@5852c06f]" started-at="2024-12-08T23:08:59 IST" name="initialiseBrowser" finished-at="2024-12-08T23:09:03 IST" duration-ms="3701" status="PASS">
          <params>
            <param index="0">
              <value>
                <![CDATA[Chrome]]>
              </value>
            </param>
          </params>
          <reporter-output>
          </reporter-output>
        </test-method> <!-- initialiseBrowser -->
        <test-method signature="verifyUserLoginwithInvalidUsernameAndInValidPassword(java.lang.String,java.lang.String)[pri:0, instance:testscripts.LoginTest@5852c06f]" started-at="2024-12-08T23:09:03 IST" name="verifyUserLoginwithInvalidUsernameAndInValidPassword" description="this is for login with invalid username" data-provider="InvalidLogInData" finished-at="2024-12-08T23:09:03 IST" duration-ms="864" status="PASS">
          <params>
            <param index="0">
              <value>
                <![CDATA[abc]]>
              </value>
            </param>
            <param index="1">
              <value>
                <![CDATA[abc]]>
              </value>
            </param>
          </params>
          <reporter-output>
          </reporter-output>
        </test-method> <!-- verifyUserLoginwithInvalidUsernameAndInValidPassword -->
        <test-method is-config="true" signature="driverQuit(org.testng.ITestResult)[pri:0, instance:testscripts.LoginTest@5852c06f]" started-at="2024-12-08T23:09:03 IST" name="driverQuit" finished-at="2024-12-08T23:09:04 IST" duration-ms="322" status="PASS">
          <params>
            <param index="0">
              <value>
                <![CDATA[[TestResult name=verifyUserLoginwithInvalidUsernameAndInValidPassword status=SUCCESS method=LoginTest.verifyUserLoginwithInvalidUsernameAndInValidPassword(java.lang.String,java.lang.String)[pri:0, instance:testscripts.LoginTest@5852c06f] output={null}]]]>
              </value>
            </param>
          </params>
          <reporter-output>
          </reporter-output>
        </test-method> <!-- driverQuit -->
        <test-method is-config="true" signature="initialiseBrowser(java.lang.String)[pri:0, instance:testscripts.LoginTest@5852c06f]" started-at="2024-12-08T23:09:04 IST" name="initialiseBrowser" finished-at="2024-12-08T23:09:07 IST" duration-ms="2913" status="PASS">
          <params>
            <param index="0">
              <value>
                <![CDATA[Chrome]]>
              </value>
            </param>
          </params>
          <reporter-output>
          </reporter-output>
        </test-method> <!-- initialiseBrowser -->
        <test-method signature="verifyUserLoginwithInvalidUsernameAndInValidPassword(java.lang.String,java.lang.String)[pri:0, instance:testscripts.LoginTest@5852c06f]" started-at="2024-12-08T23:09:07 IST" name="verifyUserLoginwithInvalidUsernameAndInValidPassword" description="this is for login with invalid username" data-provider="InvalidLogInData" finished-at="2024-12-08T23:09:07 IST" duration-ms="520" status="PASS">
          <params>
            <param index="0">
              <value>
                <![CDATA[123]]>
              </value>
            </param>
            <param index="1">
              <value>
                <![CDATA[123]]>
              </value>
            </param>
          </params>
          <reporter-output>
          </reporter-output>
        </test-method> <!-- verifyUserLoginwithInvalidUsernameAndInValidPassword -->
        <test-method is-config="true" signature="driverQuit(org.testng.ITestResult)[pri:0, instance:testscripts.LoginTest@5852c06f]" started-at="2024-12-08T23:09:07 IST" name="driverQuit" finished-at="2024-12-08T23:09:08 IST" duration-ms="323" status="PASS">
          <params>
            <param index="0">
              <value>
                <![CDATA[[TestResult name=verifyUserLoginwithInvalidUsernameAndInValidPassword status=SUCCESS method=LoginTest.verifyUserLoginwithInvalidUsernameAndInValidPassword(java.lang.String,java.lang.String)[pri:0, instance:testscripts.LoginTest@5852c06f] output={null}]]]>
              </value>
            </param>
          </params>
          <reporter-output>
          </reporter-output>
        </test-method> <!-- driverQuit -->
        <test-method is-config="true" signature="initialiseBrowser(java.lang.String)[pri:0, instance:testscripts.LoginTest@5852c06f]" started-at="2024-12-08T23:09:08 IST" name="initialiseBrowser" finished-at="2024-12-08T23:09:10 IST" duration-ms="2269" status="PASS">
          <params>
            <param index="0">
              <value>
                <![CDATA[Chrome]]>
              </value>
            </param>
          </params>
          <reporter-output>
          </reporter-output>
        </test-method> <!-- initialiseBrowser -->
        <test-method signature="verifyUserLoginwithInvalidUsernameAndValidPassword()[pri:0, instance:testscripts.LoginTest@5852c06f]" started-at="2024-12-08T23:09:10 IST" name="verifyUserLoginwithInvalidUsernameAndValidPassword" description="this is for login with invalid username" finished-at="2024-12-08T23:09:11 IST" duration-ms="1216" status="PASS">
          <reporter-output>
          </reporter-output>
        </test-method> <!-- verifyUserLoginwithInvalidUsernameAndValidPassword -->
        <test-method is-config="true" signature="driverQuit(org.testng.ITestResult)[pri:0, instance:testscripts.LoginTest@5852c06f]" started-at="2024-12-08T23:09:11 IST" name="driverQuit" finished-at="2024-12-08T23:09:11 IST" duration-ms="313" status="PASS">
          <params>
            <param index="0">
              <value>
                <![CDATA[[TestResult name=verifyUserLoginwithInvalidUsernameAndValidPassword status=SUCCESS method=LoginTest.verifyUserLoginwithInvalidUsernameAndValidPassword()[pri:0, instance:testscripts.LoginTest@5852c06f] output={null}]]]>
              </value>
            </param>
          </params>
          <reporter-output>
          </reporter-output>
        </test-method> <!-- driverQuit -->
        <test-method is-config="true" signature="initialiseBrowser(java.lang.String)[pri:0, instance:testscripts.LoginTest@5852c06f]" started-at="2024-12-08T23:09:11 IST" name="initialiseBrowser" finished-at="2024-12-08T23:09:15 IST" duration-ms="3237" status="PASS">
          <params>
            <param index="0">
              <value>
                <![CDATA[Chrome]]>
              </value>
            </param>
          </params>
          <reporter-output>
          </reporter-output>
        </test-method> <!-- initialiseBrowser -->
        <test-method signature="verifyUserLoginWithCorrectUsernameAndPassword()[pri:1, instance:testscripts.LoginTest@5852c06f]" started-at="2024-12-08T23:09:15 IST" name="verifyUserLoginWithCorrectUsernameAndPassword" description="this is for successful login" finished-at="2024-12-08T23:09:16 IST" duration-ms="1040" status="PASS">
          <reporter-output>
          </reporter-output>
        </test-method> <!-- verifyUserLoginWithCorrectUsernameAndPassword -->
        <test-method is-config="true" signature="driverQuit(org.testng.ITestResult)[pri:0, instance:testscripts.LoginTest@5852c06f]" started-at="2024-12-08T23:09:16 IST" name="driverQuit" finished-at="2024-12-08T23:09:16 IST" duration-ms="292" status="PASS">
          <params>
            <param index="0">
              <value>
                <![CDATA[[TestResult name=verifyUserLoginWithCorrectUsernameAndPassword status=SUCCESS method=LoginTest.verifyUserLoginWithCorrectUsernameAndPassword()[pri:1, instance:testscripts.LoginTest@5852c06f] output={null}]]]>
              </value>
            </param>
          </params>
          <reporter-output>
          </reporter-output>
        </test-method> <!-- driverQuit -->
        <test-method is-config="true" signature="initialiseBrowser(java.lang.String)[pri:0, instance:testscripts.LoginTest@5852c06f]" started-at="2024-12-08T23:09:16 IST" name="initialiseBrowser" finished-at="2024-12-08T23:09:19 IST" duration-ms="3420" status="PASS">
          <params>
            <param index="0">
              <value>
                <![CDATA[Chrome]]>
              </value>
            </param>
          </params>
          <reporter-output>
          </reporter-output>
        </test-method> <!-- initialiseBrowser -->
        <test-method signature="verifyUserLoginwithvalidUsernameAndInValidPassword()[pri:2, instance:testscripts.LoginTest@5852c06f]" started-at="2024-12-08T23:09:19 IST" name="verifyUserLoginwithvalidUsernameAndInValidPassword" description="this is for login with invalid password" finished-at="2024-12-08T23:09:20 IST" duration-ms="635" status="PASS">
          <reporter-output>
          </reporter-output>
        </test-method> <!-- verifyUserLoginwithvalidUsernameAndInValidPassword -->
        <test-method is-config="true" signature="driverQuit(org.testng.ITestResult)[pri:0, instance:testscripts.LoginTest@5852c06f]" started-at="2024-12-08T23:09:20 IST" name="driverQuit" finished-at="2024-12-08T23:09:20 IST" duration-ms="263" status="PASS">
          <params>
            <param index="0">
              <value>
                <![CDATA[[TestResult name=verifyUserLoginwithvalidUsernameAndInValidPassword status=SUCCESS method=LoginTest.verifyUserLoginwithvalidUsernameAndInValidPassword()[pri:2, instance:testscripts.LoginTest@5852c06f] output={null}]]]>
              </value>
            </param>
          </params>
          <reporter-output>
          </reporter-output>
        </test-method> <!-- driverQuit -->
      </class> <!-- testscripts.LoginTest -->
      <class name="testscripts.AdminUsersTest">
        <test-method is-config="true" signature="initialiseBrowser(java.lang.String)[pri:0, instance:testscripts.AdminUsersTest@478db956]" started-at="2024-12-08T23:09:34 IST" name="initialiseBrowser" finished-at="2024-12-08T23:09:36 IST" duration-ms="2362" status="PASS">
          <params>
            <param index="0">
              <value>
                <![CDATA[Chrome]]>
              </value>
            </param>
          </params>
          <reporter-output>
          </reporter-output>
        </test-method> <!-- initialiseBrowser -->
        <test-method signature="verifyUserIsAbletoCreateanAdminUser()[pri:0, instance:testscripts.AdminUsersTest@478db956]" started-at="2024-12-08T23:09:36 IST" name="verifyUserIsAbletoCreateanAdminUser" description="this is for creating an Admin User" finished-at="2024-12-08T23:09:48 IST" duration-ms="11233" status="FAIL">
          <exception class="org.openqa.selenium.NoSuchElementException">
            <message>
              <![CDATA[no such element: Unable to locate element: {"method":"xpath","selector":"//li[@class='nav-item has-treeview menu-open']//descendant::i[@class="fas fa-angle-left right"]"}
  (Session info: chrome=131.0.6778.109)
For documentation on this error, please visit: https://www.selenium.dev/documentation/webdriver/troubleshooting/errors#no-such-element-exception
Build info: version: '4.26.0', revision: '8ccf0219d7'
System info: os.name: 'Windows 11', os.arch: 'amd64', os.version: '10.0', java.version: '23.0.1'
Driver info: org.openqa.selenium.chrome.ChromeDriver
Command: [0f268e4d25a486334f66f7e4994933d8, findElement {value=//li[@class='nav-item has-treeview menu-open']//descendant::i[@class="fas fa-angle-left right"], using=xpath}]
Capabilities {acceptInsecureCerts: false, browserName: chrome, browserVersion: 131.0.6778.109, chrome: {chromedriverVersion: 131.0.6778.87 (ce31cae94873..., userDataDir: C:\Users\Admin\AppData\Loca...}, fedcm:accounts: true, goog:chromeOptions: {debuggerAddress: localhost:65387}, networkConnectionEnabled: false, pageLoadStrategy: normal, platformName: windows, proxy: Proxy(), se:cdp: ws://localhost:65387/devtoo..., se:cdpVersion: 131.0.6778.109, setWindowRect: true, strictFileInteractability: false, timeouts: {implicit: 0, pageLoad: 300000, script: 30000}, unhandledPromptBehavior: dismiss and notify, webauthn:extension:credBlob: true, webauthn:extension:largeBlob: true, webauthn:extension:minPinLength: true, webauthn:extension:prf: true, webauthn:virtualAuthenticators: true}
Session ID: 0f268e4d25a486334f66f7e4994933d8]]>
            </message>
            <full-stacktrace>
              <![CDATA[org.openqa.selenium.NoSuchElementException: no such element: Unable to locate element: {"method":"xpath","selector":"//li[@class='nav-item has-treeview menu-open']//descendant::i[@class="fas fa-angle-left right"]"}
  (Session info: chrome=131.0.6778.109)
For documentation on this error, please visit: https://www.selenium.dev/documentation/webdriver/troubleshooting/errors#no-such-element-exception
Build info: version: '4.26.0', revision: '8ccf0219d7'
System info: os.name: 'Windows 11', os.arch: 'amd64', os.version: '10.0', java.version: '23.0.1'
Driver info: org.openqa.selenium.chrome.ChromeDriver
Command: [0f268e4d25a486334f66f7e4994933d8, findElement {value=//li[@class='nav-item has-treeview menu-open']//descendant::i[@class="fas fa-angle-left right"], using=xpath}]
Capabilities {acceptInsecureCerts: false, browserName: chrome, browserVersion: 131.0.6778.109, chrome: {chromedriverVersion: 131.0.6778.87 (ce31cae94873..., userDataDir: C:\Users\Admin\AppData\Loca...}, fedcm:accounts: true, goog:chromeOptions: {debuggerAddress: localhost:65387}, networkConnectionEnabled: false, pageLoadStrategy: normal, platformName: windows, proxy: Proxy(), se:cdp: ws://localhost:65387/devtoo..., se:cdpVersion: 131.0.6778.109, setWindowRect: true, strictFileInteractability: false, timeouts: {implicit: 0, pageLoad: 300000, script: 30000}, unhandledPromptBehavior: dismiss and notify, webauthn:extension:credBlob: true, webauthn:extension:largeBlob: true, webauthn:extension:minPinLength: true, webauthn:extension:prf: true, webauthn:virtualAuthenticators: true}
Session ID: 0f268e4d25a486334f66f7e4994933d8
at java.base/jdk.internal.reflect.DirectConstructorHandleAccessor.newInstance(DirectConstructorHandleAccessor.java:62)
at java.base/java.lang.reflect.Constructor.newInstanceWithCaller(Constructor.java:501)
at java.base/java.lang.reflect.Constructor.newInstance(Constructor.java:485)
at org.openqa.selenium.remote.ErrorCodec.decode(ErrorCodec.java:167)
at org.openqa.selenium.remote.codec.w3c.W3CHttpResponseCodec.decode(W3CHttpResponseCodec.java:138)
at org.openqa.selenium.remote.codec.w3c.W3CHttpResponseCodec.decode(W3CHttpResponseCodec.java:50)
at org.openqa.selenium.remote.HttpCommandExecutor.execute(HttpCommandExecutor.java:190)
at org.openqa.selenium.remote.service.DriverCommandExecutor.invokeExecute(DriverCommandExecutor.java:216)
at org.openqa.selenium.remote.service.DriverCommandExecutor.execute(DriverCommandExecutor.java:174)
at org.openqa.selenium.remote.RemoteWebDriver.execute(RemoteWebDriver.java:545)
at org.openqa.selenium.remote.ElementLocation$ElementFinder$2.findElement(ElementLocation.java:165)
at org.openqa.selenium.remote.ElementLocation.findElement(ElementLocation.java:59)
at org.openqa.selenium.remote.RemoteWebDriver.findElement(RemoteWebDriver.java:368)
at org.openqa.selenium.remote.RemoteWebDriver.findElement(RemoteWebDriver.java:362)
at org.openqa.selenium.support.pagefactory.DefaultElementLocator.findElement(DefaultElementLocator.java:68)
at org.openqa.selenium.support.pagefactory.internal.LocatingElementHandler.invoke(LocatingElementHandler.java:38)
at jdk.proxy2/jdk.proxy2.$Proxy16.click(Unknown Source)
at pages.AdminUsers.adminUserlinkClick(AdminUsers.java:33)
at testscripts.AdminUsersTest.verifyUserIsAbletoCreateanAdminUser(AdminUsersTest.java:27)
at java.base/jdk.internal.reflect.DirectMethodHandleAccessor.invoke(DirectMethodHandleAccessor.java:103)
at java.base/java.lang.reflect.Method.invoke(Method.java:580)
at org.testng.internal.invokers.MethodInvocationHelper.invokeMethod(MethodInvocationHelper.java:139)
at org.testng.internal.invokers.TestInvoker.invokeMethod(TestInvoker.java:664)
at org.testng.internal.invokers.TestInvoker.invokeTestMethod(TestInvoker.java:228)
at org.testng.internal.invokers.MethodRunner.runInSequence(MethodRunner.java:63)
at org.testng.internal.invokers.TestInvoker$MethodInvocationAgent.invoke(TestInvoker.java:961)
at org.testng.internal.invokers.TestInvoker.invokeTestMethods(TestInvoker.java:201)
at org.testng.internal.invokers.TestMethodWorker.invokeTestMethods(TestMethodWorker.java:148)
at org.testng.internal.invokers.TestMethodWorker.run(TestMethodWorker.java:128)
at java.base/java.util.ArrayList.forEach(ArrayList.java:1597)
at org.testng.TestRunner.privateRun(TestRunner.java:819)
at org.testng.TestRunner.run(TestRunner.java:619)
at org.testng.SuiteRunner.runTest(SuiteRunner.java:443)
at org.testng.SuiteRunner.runSequentially(SuiteRunner.java:437)
at org.testng.SuiteRunner.privateRun(SuiteRunner.java:397)
at org.testng.SuiteRunner.run(SuiteRunner.java:336)
at org.testng.SuiteRunnerWorker.runSuite(SuiteRunnerWorker.java:52)
at org.testng.SuiteRunnerWorker.run(SuiteRunnerWorker.java:95)
at org.testng.TestNG.runSuitesSequentially(TestNG.java:1301)
at org.testng.TestNG.runSuitesLocally(TestNG.java:1228)
at org.testng.TestNG.runSuites(TestNG.java:1134)
at org.testng.TestNG.run(TestNG.java:1101)
at org.testng.remote.AbstractRemoteTestNG.run(AbstractRemoteTestNG.java:115)
at org.testng.remote.RemoteTestNG.initAndRun(RemoteTestNG.java:293)
at org.testng.remote.RemoteTestNG.main(RemoteTestNG.java:91)
]]>
            </full-stacktrace>
          </exception> <!-- org.openqa.selenium.NoSuchElementException -->
          <reporter-output>
          </reporter-output>
        </test-method> <!-- verifyUserIsAbletoCreateanAdminUser -->
        <test-method is-config="true" signature="driverQuit(org.testng.ITestResult)[pri:0, instance:testscripts.AdminUsersTest@478db956]" started-at="2024-12-08T23:09:48 IST" name="driverQuit" finished-at="2024-12-08T23:09:48 IST" duration-ms="644" status="PASS">
          <params>
            <param index="0">
              <value>
                <![CDATA[[TestResult name=verifyUserIsAbletoCreateanAdminUser status=FAILURE method=AdminUsersTest.verifyUserIsAbletoCreateanAdminUser()[pri:0, instance:testscripts.AdminUsersTest@478db956] output={null}]]]>
              </value>
            </param>
          </params>
          <reporter-output>
          </reporter-output>
        </test-method> <!-- driverQuit -->
      </class> <!-- testscripts.AdminUsersTest -->
      <class name="testscripts.SubCategoryTest">
        <test-method is-config="true" signature="initialiseBrowser(java.lang.String)[pri:0, instance:testscripts.SubCategoryTest@389b0789]" started-at="2024-12-08T23:09:20 IST" name="initialiseBrowser" finished-at="2024-12-08T23:09:23 IST" duration-ms="2681" status="PASS">
          <params>
            <param index="0">
              <value>
                <![CDATA[Chrome]]>
              </value>
            </param>
          </params>
          <reporter-output>
          </reporter-output>
        </test-method> <!-- initialiseBrowser -->
        <test-method signature="verifyUserAbletoCreateSubCategory()[pri:0, instance:testscripts.SubCategoryTest@389b0789]" started-at="2024-12-08T23:09:23 IST" name="verifyUserAbletoCreateSubCategory" description="this is for creating a subcategory for a category" finished-at="2024-12-08T23:09:28 IST" duration-ms="5294" status="PASS">
          <reporter-output>
          </reporter-output>
        </test-method> <!-- verifyUserAbletoCreateSubCategory -->
        <test-method is-config="true" signature="driverQuit(org.testng.ITestResult)[pri:0, instance:testscripts.SubCategoryTest@389b0789]" started-at="2024-12-08T23:09:28 IST" name="driverQuit" finished-at="2024-12-08T23:09:29 IST" duration-ms="254" status="PASS">
          <params>
            <param index="0">
              <value>
                <![CDATA[[TestResult name=verifyUserAbletoCreateSubCategory status=SUCCESS method=SubCategoryTest.verifyUserAbletoCreateSubCategory()[pri:0, instance:testscripts.SubCategoryTest@389b0789] output={null}]]]>
              </value>
            </param>
          </params>
          <reporter-output>
          </reporter-output>
        </test-method> <!-- driverQuit -->
      </class> <!-- testscripts.SubCategoryTest -->
    </test> <!-- Test -->
  </suite> <!-- Suite -->
</testng-results>
